0 info it worked if it ends with ok
1 verbose cli [ 'd:\\Program Files\\nodejs\\node.exe',
1 verbose cli   'd:\\Program Files\\nodejs\\node_modules\\npm\\bin\\npm-cli.js',
1 verbose cli   'install',
1 verbose cli   'bootstrap-responsive' ]
2 info using npm@1.4.14
3 info using node@v0.10.29
4 warn package.json blogapp@0.0.0 No description
5 warn package.json blogapp@0.0.0 No repository field.
6 warn package.json blogapp@0.0.0 No README data
7 verbose readDependencies using package.json deps
8 verbose cache add [ 'bootstrap-responsive', null ]
9 verbose cache add name=undefined spec="bootstrap-responsive" args=["bootstrap-responsive",null]
10 verbose parsed url { protocol: null,
10 verbose parsed url   slashes: null,
10 verbose parsed url   auth: null,
10 verbose parsed url   host: null,
10 verbose parsed url   port: null,
10 verbose parsed url   hostname: null,
10 verbose parsed url   hash: null,
10 verbose parsed url   search: null,
10 verbose parsed url   query: null,
10 verbose parsed url   pathname: 'bootstrap-responsive',
10 verbose parsed url   path: 'bootstrap-responsive',
10 verbose parsed url   href: 'bootstrap-responsive' }
11 silly lockFile e89fd1c2-bootstrap-responsive bootstrap-responsive
12 verbose lock bootstrap-responsive C:\Users\Lair Jr\AppData\Roaming\npm-cache\e89fd1c2-bootstrap-responsive.lock
13 silly lockFile e89fd1c2-bootstrap-responsive bootstrap-responsive
14 silly lockFile e89fd1c2-bootstrap-responsive bootstrap-responsive
15 verbose addNamed [ 'bootstrap-responsive', '' ]
16 verbose addNamed [ null, '*' ]
17 silly lockFile d5d55707-bootstrap-responsive bootstrap-responsive@
18 verbose lock bootstrap-responsive@ C:\Users\Lair Jr\AppData\Roaming\npm-cache\d5d55707-bootstrap-responsive.lock
19 silly addNameRange { name: 'bootstrap-responsive', range: '*', hasData: false }
20 verbose url raw bootstrap-responsive
21 verbose url resolving [ 'https://registry.npmjs.org/', './bootstrap-responsive' ]
22 verbose url resolved https://registry.npmjs.org/bootstrap-responsive
23 info trying registry request attempt 1 at 00:05:45
24 http GET https://registry.npmjs.org/bootstrap-responsive
25 http 404 https://registry.npmjs.org/bootstrap-responsive
26 verbose headers { date: 'Thu, 14 Aug 2014 03:05:29 GMT',
26 verbose headers   server: 'CouchDB/1.5.0 (Erlang OTP/R16B03)',
26 verbose headers   'content-type': 'application/json',
26 verbose headers   'cache-control': 'max-age=0',
26 verbose headers   'content-length': '52',
26 verbose headers   'accept-ranges': 'bytes',
26 verbose headers   via: '1.1 varnish',
26 verbose headers   age: '0',
26 verbose headers   'x-served-by': 'cache-jfk1020-JFK',
26 verbose headers   'x-cache': 'MISS',
26 verbose headers   'x-cache-hits': '0',
26 verbose headers   'x-timer': 'S1407985529.238029,VS0,VE377',
26 verbose headers   'keep-alive': 'timeout=10, max=50',
26 verbose headers   connection: 'Keep-Alive' }
27 silly registry.get cb [ 404,
27 silly registry.get   { date: 'Thu, 14 Aug 2014 03:05:29 GMT',
27 silly registry.get     server: 'CouchDB/1.5.0 (Erlang OTP/R16B03)',
27 silly registry.get     'content-type': 'application/json',
27 silly registry.get     'cache-control': 'max-age=0',
27 silly registry.get     'content-length': '52',
27 silly registry.get     'accept-ranges': 'bytes',
27 silly registry.get     via: '1.1 varnish',
27 silly registry.get     age: '0',
27 silly registry.get     'x-served-by': 'cache-jfk1020-JFK',
27 silly registry.get     'x-cache': 'MISS',
27 silly registry.get     'x-cache-hits': '0',
27 silly registry.get     'x-timer': 'S1407985529.238029,VS0,VE377',
27 silly registry.get     'keep-alive': 'timeout=10, max=50',
27 silly registry.get     connection: 'Keep-Alive' } ]
28 silly lockFile d5d55707-bootstrap-responsive bootstrap-responsive@
29 silly lockFile d5d55707-bootstrap-responsive bootstrap-responsive@
30 error 404 404 Not Found: bootstrap-responsive
30 error 404
30 error 404 'bootstrap-responsive' is not in the npm registry.
30 error 404 You should bug the author to publish it
30 error 404 It was specified as a dependency of 'blogapp'
30 error 404
30 error 404 Note that you can also install from a
30 error 404 tarball, folder, or http url, or git url.
31 error System Windows_NT 6.2.9200
32 error command "d:\\Program Files\\nodejs\\node.exe" "d:\\Program Files\\nodejs\\node_modules\\npm\\bin\\npm-cli.js" "install" "bootstrap-responsive"
33 error cwd e:\SkyDrive\Development\My Projects\AngularBlog\BlogAngular
34 error node -v v0.10.29
35 error npm -v 1.4.14
36 error code E404
37 verbose exit [ 1, true ]
